C51 COMPILER V9.00   MIAN                                                                  06/01/2018 17:55:18 PAGE 1   


C51 COMPILER V9.00, COMPILATION OF MODULE MIAN
OBJECT MODULE PLACED IN .\Objects\mian.obj
COMPILER INVOKED BY: F:\Software\Keil_v5\C51\BIN\C51.EXE mian.c OPTIMIZE(8,SPEED) BROWSE DEBUG OBJECTEXTEND PRINT(.\List
                    -ings\mian.lst) TABS(2) OBJECT(.\Objects\mian.obj)

line level    source

   1          /*
   2          **如果P3^4口按下，则发光二极管点亮，松手时发光二极管熄灭
   3          */
   4          #include<reg52.h>
   5          #define uchar unsigned char
   6          sbit d1=P1^0;
   7          sbit key1=P3^4;
   8          sbit dula=P2^6;
   9          sbit wela=P2^7;
  10          uchar code table[]={  //code是编码表
  11            0x3f,0x06,0x5b,0x4f,
  12            0x66,0x6d,0x7d,0x07,
  13            0x7f,0x6f,0x77,0x7c,
  14            0x39,0x5e,0x79,0x71}; 
  15          uchar num;  
  16          void delay(uchar z)
  17          {
  18   1        uchar x,y;
  19   1        for(x=z;x>0;x--)
  20   1          for(y=110;y>0;y--);
  21   1      }
  22          
  23          void main()
  24          {
  25   1        wela=1; //让第一个数码管亮
  26   1        P0=0xfe;
  27   1        wela=0;
  28   1        P3=0xff; //令P3口都为高电平，读取输入
  29   1        while(1)
  30   1        {
  31   2          if(key1==0) //如果按键按下，则点亮发光二极管，需要检测松手
  32   2          {
  33   3            delay(10);//一般案件按下去抖动5ms，使用延时函数10ms消抖
  34   3            if(key1==0) //延时函数之后，重新检测一下案件是否被按下去了，而不是抖动造
             -的
  35   3            {
  36   4              d1=0; //低位点亮
  37   4              num++;
  38   4              if(num==10)
  39   4              {
  40   5                num=0;
  41   5              }
  42   4            }
  43   3            /*****松手检测*****/
  44   3            while(!key1); //key1==0依然是按下去的，不退出这个if语句
  45   3                          //key1==1时，!key1为假，退出这个if循环
  46   3            delay(10); //松手消抖，防止抖动造成松手误判
  47   3            while(!key1);
  48   3          }
  49   2          else
  50   2          {
  51   3            d1=1;
  52   3          }
  53   2          dula=1; //每按一下，让数码管显示一次按的次数，按到9刷新
C51 COMPILER V9.00   MIAN                                                                  06/01/2018 17:55:18 PAGE 2   

  54   2          P0=table[num];
  55   2          dula=0;
  56   2        }
  57   1      }


MODULE INFORMATION:   STATIC OVERLAYABLE
   CODE SIZE        =     76    ----
   CONSTANT SIZE    =     16    ----
   XDATA SIZE       =   ----    ----
   PDATA SIZE       =   ----    ----
   DATA SIZE        =      1    ----
   IDATA SIZE       =   ----    ----
   BIT SIZE         =   ----    ----
END OF MODULE INFORMATION.


C51 COMPILATION COMPLETE.  0 WARNING(S),  0 ERROR(S)
