C51 COMPILER V9.00   MAIN                                                                  05/18/2018 17:31:07 PAGE 1   


C51 COMPILER V9.00, COMPILATION OF MODULE MAIN
OBJECT MODULE PLACED IN .\Objects\main.obj
COMPILER INVOKED BY: F:\Software\Keil_v5\C51\BIN\C51.EXE main.c OPTIMIZE(8,SPEED) BROWSE DEBUG OBJECTEXTEND PRINT(.\List
                    -ings\main.lst) TABS(2) OBJECT(.\Objects\main.obj)

line level    source

   1          #include<reg52.h>
   2          #define uchar unsigned char
   3          #define uint unsigned int
   4          sbit dula=P2^6;
   5          sbit wela=P2^7;
   6          sbit d1=P1^0;//控制第一个LED
   7          uchar num;
   8          uchar code table[]={
   9            0x3f,0x06,0x5b,0x4f,
  10            0x66,0x6d,0x7d,0x07,
  11            0x7f,0x6f,0x77,0x7c,
  12            0x39,0x5e,0x79,0x71};//code是编码表
  13          void delay(uint z);
  14          void main()
  15          {
  16   1        //将外部中断0设置为电平触发 IT0=0;
  17   1        //单片机打开默认是电平触发
  18   1        EA=1; //打开总中断
  19   1        EX0=1; //打开外部中断0
  20   1        IT0=1; //将外部中断0设置为电平触发
  21   1        //TCON=0x01;//直接对寄存器中的某一位进行操作
  22   1        //与上面一行的作用是相同的
  23   1        wela=1; //一开始打开所有的位选
  24   1        P0=0xc0; //让所有的数码管亮1100 0000
  25   1        wela=0; 
  26   1        //改变要显示的数据
  27   1        while(1)
  28   1        {
  29   2          for(num=0;num<16;num++)
  30   2          {
  31   3            dula=1;
  32   3            P0=table[num];
  33   3            dula=0;
  34   3            delay(1000);//延时1s
  35   3          }
  36   2        } 
  37   1      }
  38          //延时1ms
  39          void delay(uint z)
  40          {
  41   1        uint x,y;
  42   1        for(x=z;x>0;x--)
  43   1        {
  44   2          for(y=110;y>0;y--);
  45   2        }
  46   1      }
  47          //中断让第一个LED亮
  48          //中断函数，中断程序不需要声明，没有返回值
  49          void exter0() interrupt 0
  50          {
  51   1        d1=0; //中断中若P2.2口为低电平则进入中断
  52   1      }


C51 COMPILER V9.00   MAIN                                                                  05/18/2018 17:31:07 PAGE 2   

MODULE INFORMATION:   STATIC OVERLAYABLE
   CODE SIZE        =     79    ----
   CONSTANT SIZE    =     16    ----
   XDATA SIZE       =   ----    ----
   PDATA SIZE       =   ----    ----
   DATA SIZE        =      1    ----
   IDATA SIZE       =   ----    ----
   BIT SIZE         =   ----    ----
END OF MODULE INFORMATION.


C51 COMPILATION COMPLETE.  0 WARNING(S),  0 ERROR(S)
