C51 COMPILER V9.00   MAIN                                                                  06/01/2018 16:18:03 PAGE 1   


C51 COMPILER V9.00, COMPILATION OF MODULE MAIN
OBJECT MODULE PLACED IN .\Objects\main.obj
COMPILER INVOKED BY: F:\Software\Keil_v5\C51\BIN\C51.EXE main.c OPTIMIZE(8,SPEED) BROWSE DEBUG OBJECTEXTEND PRINT(.\List
                    -ings\main.lst) TABS(2) OBJECT(.\Objects\main.obj)

line level    source

   1          /*
   2          **利用动态扫描和定时器1在数码管上显示出从765432开始以1/10秒的速度往下递减，
             -直至765398并保持显示此数，
   3          **与此同时利用定时器0以500ms速度进行流水灯从上至下移动，当数码管上数减到
             -止时，实验板上流水灯也停止,
   4          **然后全部开始闪烁，3s后（用定时器0）流水灯全部关闭、数码管上显示“HELLO”
             -并保持住。
   5          */
   6          #include <reg52.h>
   7          #include<intrins.h>
   8          #define uchar unsigned char
   9          #define uint unsigned int
  10          uchar temp, t0, t1, bai, shi, ge, flag, flag1; //流水灯循环移位temp，对P1口赋值
  11          uint val;//char型只能装255，所以此处用int型装432。将765和432分开装。
  12          sbit dula=P1^6; //控制显示什么数
  13          sbit wela=P1^7; //控制哪一个数码管亮
  14          uchar code table[]={  //code是编码表
  15            0x3f,0x06,0x5b,0x4f,
  16            0x66,0x6d,0x7d,0x07,
  17            0x7f,0x6f,0x77,0x7c,
  18            0x39,0x5e,0x79,0x71,
  19            0x76,0x79,0x38,0x3f,0}; //HELLO的编码HELO
  20          void init();
  21          void display(uchar aa,uchar bb,uchar cc,uchar bai,uchar shi,uchar ge);
  22          void delay(uint z) //z=1则延时1ms
  23          {
  24   1        uint x,y;
  25   1        for(x=z;x>0;x--)
  26   1        {
  27   2          for(y=110;y>0;y--);
  28   2        }
  29   1      }
  30          
  31          //先写流水灯的程序
  32          void main()
  33          {
  34   1        init();
  35   1        while(1)
  36   1        {
  37   2          if(flag1!=1)
  38   2          {
  39   3            display(7,6,5,bai,shi,ge);
  40   3          }
  41   2          else
  42   2          {
  43   3            display(16,17,18,18,19,20); //编码表中第几个元素，最后一个数码管不显示，即为0
  44   3          }
  45   2        }
  46   1      }
  47          //初始化temp、定时器
  48          void init()
  49          {
  50   1        val=432;
  51   1        temp=0xfe; //初始化发光二极管,共阴极，低位有效
C51 COMPILER V9.00   MAIN                                                                  06/01/2018 16:18:03 PAGE 2   

  52   1        P1=temp; //并让第一个发光二极管亮
  53   1        //初始化定时器T0、T1
  54   1        TMOD=0x11; //将两个定时器设置为工作方式1
  55   1        TH0=(65536-50000)/256; //定时器0装初值
  56   1        TL0=(65536-50000)%256;
  57   1        TH1=(65536-50000)/256; //定时器1装初值
  58   1        TL1=(65536-50000)%256;
  59   1        EA=1; //开总中断
  60   1        ET0=1;//开定时器0中断
  61   1        ET1=1;//开定时器1中断
  62   1        TR0=1;//启动定时器0中断
  63   1        TR1=1;//启动定时器1中断
  64   1      }
  65          //定时器0中断函数
  66          void timer0() interrupt 1
  67          {
  68   1        TH0=(65536-50000)/256; //装初值，现在是50ms
  69   1        TL0=(65536-50000)%256;
  70   1        t0++;
  71   1        if(flag!=1)
  72   1        {
  73   2          if(t0==10) //让流水灯以500ms速度往下流动
  74   2          {
  75   3            t0=1; // 清零
  76   3            temp=_crol_(temp,1);//发光二极管左移一位
  77   3            P1=temp; //让发光二极管亮
  78   3          }
  79   2        }
  80   1        else //如果flag==1
  81   1        {
  82   2          if(t0%4==0) //每200ms闪烁一次，对4求余为0
  83   2          {
  84   3            P1=~P1; //这之前所有灯是灭的，对所有流水灯取反，让所有灯亮
  85   3          }
  86   2          if(t0==60) //闪烁30ms后关闭流水灯
  87   2          {
  88   3            TR0=0; //关闭控制流水灯的程序，关定时中断0
  89   3            P1=0xff; //关闭所有的流水灯
  90   3            flag1=1; //一旦流水灯停止，对数码管进行HELLO显示操作
  91   3          }
  92   2        }
  93   1        
  94   1      }
  95          //定时器1中断函数。数的减和分离
  96          void timer1() interrupt 3
  97          {
  98   1        TH1=(65536-50000)/256; //装初值，现在是50ms
  99   1        TL1=(65536-50000)%256;
 100   1        t1++;
 101   1        if(t1==2) //100ms，对里面的数减1
 102   1        {
 103   2          t1=1;
 104   2          val--;
 105   2          bai=val/100;
 106   2          shi=val%100/10;
 107   2          ge=bai%10;
 108   2          if(val==398)
 109   2          {
 110   3            TR0=0; //关闭控制流水灯的程序，关定时中断0，此时TH0和TL0中依然存着随机数
 111   3            TH0=(65536-50000)/256; //还原定时器0
 112   3            TL0=(65536-50000)%256;
 113   3            TR0=0;//重新启动定时器0，定时3s
C51 COMPILER V9.00   MAIN                                                                  06/01/2018 16:18:03 PAGE 3   

 114   3            flag=1; //设置标志位，防止定时器0开启时，流水灯继续流动
 115   3            t0=0; //t0之前存了数据了，需要清零，重新开始加1
 116   3            
 117   3            P1=0xff; //关闭所有的流水灯，然后用T0定时全部开始闪烁
 118   3            TR1=0; //关闭控制数码管的程序，关定时中断1
 119   3          }
 120   2        }
 121   1      }
 122          //数码管显示子程序
 123          void display(uchar aa,uchar bb,uchar cc,uchar bai,uchar shi,uchar ge)
 124          {
 125   1        dula=1; //段选，控制显示什么数
 126   1        P0=table[aa];
 127   1        dula=0;
 128   1        P0=0xff; //关闭所有的流水灯
 129   1        wela=1; //位选，控制哪一个数码管亮
 130   1        P0=0xfe; //低位有效，第一个数码管亮
 131   1        wela=0;
 132   1        delay(1);
 133   1        
 134   1        dula=1;
 135   1        P0=table[bb];
 136   1        dula=0;
 137   1        P0=0xff;
 138   1        wela=1;
 139   1        P0=0xfd; //第二个数码管亮
 140   1        wela=0;
 141   1        delay(1);
 142   1        
 143   1        dula=1;
 144   1        P0=table[cc];
 145   1        dula=0;
 146   1        P0=0xff;
 147   1        wela=1;
 148   1        P0=0xfb;
 149   1        wela=0;
 150   1        delay(1);
 151   1        
 152   1        dula=1;
 153   1        P0=table[bai];
 154   1        dula=0;
 155   1        P0=0xff;
 156   1        wela=1;
 157   1        P0=0xf7;
 158   1        wela=0;
 159   1        delay(1);
 160   1        
 161   1        dula=1;
 162   1        P0=table[shi];
 163   1        dula=0;
 164   1        P0=0xff;
 165   1        wela=1;
 166   1        P0=0xef;
 167   1        wela=0;
 168   1        delay(1);
 169   1        
 170   1        dula=1;
 171   1        P0=table[ge];
 172   1        dula=0;
 173   1        P0=0xff;
 174   1        wela=1;
 175   1        P0=0xdf;
C51 COMPILER V9.00   MAIN                                                                  06/01/2018 16:18:03 PAGE 4   

 176   1        wela=0;
 177   1        delay(1);
 178   1      }
 179            
 180          


MODULE INFORMATION:   STATIC OVERLAYABLE
   CODE SIZE        =    473    ----
   CONSTANT SIZE    =     21    ----
   XDATA SIZE       =   ----    ----
   PDATA SIZE       =   ----    ----
   DATA SIZE        =     10       6
   IDATA SIZE       =   ----    ----
   BIT SIZE         =   ----    ----
END OF MODULE INFORMATION.


C51 COMPILATION COMPLETE.  0 WARNING(S),  0 ERROR(S)
