C51 COMPILER V9.00   MAIN                                                                  05/18/2018 01:45:17 PAGE 1   


C51 COMPILER V9.00, COMPILATION OF MODULE MAIN
OBJECT MODULE PLACED IN .\Objects\main.obj
COMPILER INVOKED BY: F:\Software\Keil_v5\C51\BIN\C51.EXE main.c OPTIMIZE(8,SPEED) BROWSE DEBUG OBJECTEXTEND PRINT(.\List
                    -ings\main.lst) TABS(2) OBJECT(.\Objects\main.obj)

line level    source

   1          #include<reg52.h>
   2          #define uint unsigned int
   3          #define uchar unsigned char
   4          sbit D1 = P1^0;
   5          //void delay();
   6          void delay(uint);//可以写参数z，也可直接写类型
   7          void main()
   8          {
   9   1        while(1)
  10   1        {
  11   2          D1=0;
  12   2          delay(600);
  13   2          D1=1;
  14   2          delay(600);
  15   2        }
  16   1      }
  17          /*
  18          void delay()
  19          {
  20            uint x,y;
  21            for(x=100;x>0;x--)
  22            {
  23              for(y=600;y>0;y--);
  24            }
  25          }
  26          */
  27          //带参子函数
  28          void delay(uint z)
  29          {
  30   1        uint x,y;
  31   1        for(x=100;x>0;x--)
  32   1        {
  33   2          for(y=z;y>0;y--);
  34   2        }
  35   1      }


MODULE INFORMATION:   STATIC OVERLAYABLE
   CODE SIZE        =     54    ----
   CONSTANT SIZE    =   ----    ----
   XDATA SIZE       =   ----    ----
   PDATA SIZE       =   ----    ----
   DATA SIZE        =   ----    ----
   IDATA SIZE       =   ----    ----
   BIT SIZE         =   ----    ----
END OF MODULE INFORMATION.


C51 COMPILATION COMPLETE.  0 WARNING(S),  0 ERROR(S)
