C51 COMPILER V9.00   FIRST                                                                 05/17/2018 21:58:57 PAGE 1   


C51 COMPILER V9.00, COMPILATION OF MODULE FIRST
OBJECT MODULE PLACED IN .\Objects\first.obj
COMPILER INVOKED BY: F:\Software\Keil_v5\C51\BIN\C51.EXE first.c OPTIMIZE(8,SPEED) BROWSE DEBUG OBJECTEXTEND PRINT(.\Lis
                    -tings\first.lst) TABS(2) OBJECT(.\Objects\first.obj)

line level    source

   1          #include<reg51.h>
   2          #include"LCD12864.h"    //LCD 显示函数
*** WARNING C318 IN LINE 2 OF first.c: can't open file 'LCD12864.h'
   3          #include"variable.h"     //变量
*** WARNING C318 IN LINE 3 OF first.c: can't open file 'variable.h'
   4          #include"TLC5615.h"      //5615 函数 用于调节 占空比 和 频率
*** WARNING C318 IN LINE 4 OF first.c: can't open file 'TLC5615.h'
   5          #include"Key.h"        //键盘函数
*** WARNING C318 IN LINE 5 OF first.c: can't open file 'Key.h'
   6          
   7          /*****************************
   8          数组转换变量
   9          unsigned long convert(uchar *str,uchar tick)
  10          
  11          *******************************/
  12          unsigned long convert(uchar *str,uchar tick){
*** ERROR C141 IN LINE 12 OF FIRST.C: syntax error near '*', expected ')'
  13   1      uchar i,j;
*** ERROR C141 IN LINE 13 OF FIRST.C: syntax error near 'i'
*** ERROR C202 IN LINE 13 OF FIRST.C: 'i': undefined identifier
  14   1      unsigned long result;
*** ERROR C141 IN LINE 14 OF FIRST.C: syntax error near 'unsigned'
*** ERROR C202 IN LINE 14 OF FIRST.C: 'result': undefined identifier
  15   1      sum=0;
*** ERROR C202 IN LINE 15 OF FIRST.C: 'sum': undefined identifier
  16   1      for (i=0;i<tick;i++){
*** ERROR C202 IN LINE 16 OF FIRST.C: 'i': undefined identifier
  17   2      result=*(str+i);
*** ERROR C202 IN LINE 17 OF FIRST.C: 'result': undefined identifier
  18   2      for (j=tick-i;j>1;j--){
*** ERROR C202 IN LINE 18 OF FIRST.C: 'j': undefined identifier
  19   3        result=result*10;
*** ERROR C202 IN LINE 19 OF FIRST.C: 'result': undefined identifier
  20   3        }
  21   2      sum=sum+result;
*** ERROR C202 IN LINE 21 OF FIRST.C: 'sum': undefined identifier
  22   2        }
  23   1      return sum;
*** ERROR C202 IN LINE 23 OF FIRST.C: 'sum': undefined identifier
  24   1      
  25   1      }
  26          
  27          
  28          /*************************************
  29           主程序
  30          *************************************/
  31          void main()
  32          {
  33   1      uchar temp;
*** ERROR C202 IN LINE 33 OF FIRST.C: 'uchar': undefined identifier
*** ERROR C141 IN LINE 33 OF FIRST.C: syntax error near 'temp'
  34   1      
  35   1      long Value_Duty = 0;
*** ERROR C141 IN LINE 35 OF FIRST.C: syntax error near 'long'
C51 COMPILER V9.00   FIRST                                                                 05/17/2018 21:58:57 PAGE 2   

*** ERROR C202 IN LINE 35 OF FIRST.C: 'Value_Duty': undefined identifier
  36   1      long Value_Fre = 0;
*** ERROR C141 IN LINE 36 OF FIRST.C: syntax error near 'long'
*** ERROR C202 IN LINE 36 OF FIRST.C: 'Value_Fre': undefined identifier
  37   1      
  38   1      //uint a1,b1,c1,d1,e1,f1;
  39   1      //A2=0;B2=0;C2=0;
  40   1      SET=0;
*** ERROR C202 IN LINE 40 OF FIRST.C: 'SET': undefined identifier
  41   1      ratio=0;
*** ERROR C202 IN LINE 41 OF FIRST.C: 'ratio': undefined identifier
  42   1      rate=0;
*** ERROR C202 IN LINE 42 OF FIRST.C: 'rate': undefined identifier
  43   1      first=0;
*** ERROR C202 IN LINE 43 OF FIRST.C: 'first': undefined identifier
  44   1      tick_rate=0;
*** ERROR C202 IN LINE 44 OF FIRST.C: 'tick_rate': undefined identifier
  45   1      tick_ratio=0;
*** ERROR C202 IN LINE 45 OF FIRST.C: 'tick_ratio': undefined identifier
  46   1      p_shape=shape2_;
*** ERROR C202 IN LINE 46 OF FIRST.C: 'p_shape': undefined identifier
  47   1      p_rate=rate_num;
*** ERROR C202 IN LINE 47 OF FIRST.C: 'p_rate': undefined identifier
  48   1      p_ratio=ratio_num;
*** ERROR C202 IN LINE 48 OF FIRST.C: 'p_ratio': undefined identifier
  49   1      LCM_Init();
  50   1      LCM_display();
  51   1      num_Init();
  52   1      while(1){
  53   2        
  54   2      temp=gotkey();
  55   2      switch(temp){
  56   3       case 13:                   //设置
  57   3        SET=1;ratio=0;ratio=0;shape=0;LCM_display();num();break;
  58   3       case 14:                   //占空比
  59   3        if(SET==1){
  60   4          ratio=1;rate=0;shape=0;tick_ratio=0;send(0,0x0f);num();send(0,0x9b);send_str("   ");send(0,0x9b);}  //光
             -标闪烁
  61   3        else {
  62   4          if (first==0){
  63   5            break;}
  64   4          LCM_display();num();}
  65   3        break;
  66   3       case 15:                   //频率
  67   3        if(SET==1){
  68   4          rate=1;ratio=0;shape=0;tick_rate=0;send(0,0x0f);send(0,0x8a);send_str("       ");send(0,0x8a);}
  69   3        else {
  70   4        if (first==0){
  71   5          break;}
  72   4          LCM_display();num(); }
  73   3        break;
  74   3       case 12:                   //波形
  75   3        if(SET==1){
  76   4          shape=1;ratio=0;rate=0;LCM_display_shape();send(0,0x0c);}
  77   3        else {
  78   4        if (first==0){
  79   5          break;}
  80   4          LCM_display();num();}
  81   3        break; 
  82   3       case 10:
  83   3       case 11:                   //确认键
  84   3        if ( ratio==1 || rate==1 ||shape==1 ||SET==1){
C51 COMPILER V9.00   FIRST                                                                 05/17/2018 21:58:57 PAGE 3   

  85   4        SET=0;ratio=0;rate=0;shape=0;first=1;
  86   4        LCM_display();send(0,0x0c);     //光标不闪烁
  87   4        num();
  88   4        rtp=convert( rate_num, tick_rate);
  89   4        Value_Fre=set_fre(rtp);
  90   4        Value_Duty=set_duty(convert( ratio_num, tick_ratio));
  91   4      
  92   4        write_5615_duty(Value_Duty);  //Value_Duty
  93   4        delay(10);                     
  94   4        write_5615_Fre(Value_Fre);//Value_Fre
  95   4        delay(10);
  96   4            
  97   4          }
  98   3        else {
  99   4        if (first==0){
 100   5          break;}
 101   4          LCM_display();num();}
 102   3        break;
 103   3       
 104   3         case 0:
 105   3       case 1:
 106   3       case 2:
 107   3       case 3:
 108   3       case 4:
 109   3       case 5:
 110   3       case 6:
 111   3       case 7:
 112   3       case 8:
 113   3       case 9:
 114   3        if(ratio==1) {               //占空比
 115   4          if(tick_ratio>=2){break;}
 116   4          ratio_num[tick_ratio]=temp;
 117   4          send(1,*(number+temp));
 118   4          tick_ratio++;}  
 119   3        else if(rate==1) {
 120   4          if(tick_rate>=7){break;}
 121   4          rate_num[tick_rate]=temp;
 122   4          send(1,*(number+temp));
 123   4          tick_rate++;}          //频率
 124   3        else if(shape==1){
 125   4        LCM_display_shape();               //波形          
 126   4        switch(temp){
 127   5        case 1:p_shape=shape2_;A1=1;break;         //正弦波
 128   5        case 2:p_shape=shape3_;A0=0;A1=0;break;    //方波
 129   5        case 3:p_shape=shape4_;A0=1;A1=0;break;    //三角波
 130   5        default :break;
 131   5        }
 132   4        LCM_display();
 133   4        num();
 134   4        }
 135   3        else {
 136   4        if (first==0){
 137   5          break;}
 138   4          LCM_display();num();}
 139   3        break; 
 140   3       default :break;
 141   3              }
 142   2      
 143   2      }
 144   1      
 145   1      }
 146          
C51 COMPILER V9.00   FIRST                                                                 05/17/2018 21:58:57 PAGE 4   

 147          
 148          
 149          
 150          
 151          

C51 COMPILATION COMPLETE.  4 WARNING(S),  27 ERROR(S)
