C51 COMPILER V9.00   KEY                                                                   05/17/2018 21:58:58 PAGE 1   


C51 COMPILER V9.00, COMPILATION OF MODULE KEY
OBJECT MODULE PLACED IN .\Objects\Key.obj
COMPILER INVOKED BY: F:\Software\Keil_v5\C51\BIN\C51.EXE Key.c OPTIMIZE(8,SPEED) BROWSE DEBUG OBJECTEXTEND PRINT(.\Listi
                    -ngs\Key.lst) TABS(2) OBJECT(.\Objects\Key.obj)

line level    source

   1          //键盘函数
   2          #ifndef Key_H_ //防止头文件的重复包含和编译
   3          #define Key_H_
   4          /*****************************
   5          键盘程序
   6          *******************************/
   7          
   8          char keypad_scan(void)       //键盘扫描
   9          {
  10   1      char key,i;
  11   1      P1=0xf0;
*** ERROR C202 IN LINE 11 OF KEY.C: 'P1': undefined identifier
  12   1      do
  13   1      if (P1!=0xf0){
*** ERROR C202 IN LINE 13 OF KEY.C: 'P1': undefined identifier
  14   2       for(i=0;i<=3;i++){
  15   3        P1=ksp[i];
*** ERROR C202 IN LINE 15 OF KEY.C: 'P1': undefined identifier
  16   3        if(P1!=ksp[i]){
*** ERROR C202 IN LINE 16 OF KEY.C: 'P1': undefined identifier
  17   4          delay(5);
  18   4          key=P1;
  19   4          if(key!=ksp[i]){
  20   5           delay(255);delay(255);  
  21   5         return (key);
  22   5          }
  23   4        }
  24   3      }
  25   2      
  26   2      }while(1); 
  27   1      }
  28          /***************获得键值*************/
  29          char gotkey()
  30          {
  31   1      char temp,i;
  32   1      temp=keypad_scan();
  33   1      for(i=0;i<=15;i++)
  34   1      {
  35   2      if(temp==key_code[i])
  36   2      return(i);
  37   2      }
  38   1      return (16);
  39   1       }
  40          #endif
  41          

C51 COMPILATION COMPLETE.  0 WARNING(S),  4 ERROR(S)
