C51 COMPILER V9.00   LCD12864                                                              05/17/2018 21:58:59 PAGE 1   


C51 COMPILER V9.00, COMPILATION OF MODULE LCD12864
OBJECT MODULE PLACED IN .\Objects\LCD12864.obj
COMPILER INVOKED BY: F:\Software\Keil_v5\C51\BIN\C51.EXE LCD12864.c OPTIMIZE(8,SPEED) BROWSE DEBUG OBJECTEXTEND PRINT(.\
                    -Listings\LCD12864.lst) TABS(2) OBJECT(.\Objects\LCD12864.obj)

line level    source

   1          //LCD12864液晶显示函数
   2          #ifndef LCD_12864_H_
   3          #define LCD_12864_H_
   4          /*****************************
   5          12864程序
   6          *******************************/
   7          #include"variable.h"
*** WARNING C318 IN LINE 7 OF LCD12864.c: can't open file 'variable.h'
   8          sbit CS=P2^0;
*** ERROR C202 IN LINE 8 OF LCD12864.C: 'P2': undefined identifier
   9          sbit SID=P2^1;
*** ERROR C202 IN LINE 9 OF LCD12864.C: 'P2': undefined identifier
  10          sbit SCLK=P2^2;
*** ERROR C202 IN LINE 10 OF LCD12864.C: 'P2': undefined identifier
  11          
  12          
  13          /*****************************/
  14          void delay(uchar k){
*** ERROR C141 IN LINE 14 OF LCD12864.C: syntax error near 'k', expected ')'
  15   1      int i,j;
  16   1      for (i=0;i<=k;i++){
*** ERROR C202 IN LINE 16 OF LCD12864.C: 'k': undefined identifier
  17   2      for (j=0;j<=32;j++);
  18   2      }
  19   1      }
  20          /*******12864**写数据函数 *************/
  21          void send(bit ID,uchar datas)    /*ID为0：指令模式；ID为1：数据模式     */
*** ERROR C141 IN LINE 21 OF LCD12864.C: syntax error near 'datas', expected ')'
  22          {
  23   1       
  24   1      uchar t=3,k,tempdata;
*** ERROR C141 IN LINE 24 OF LCD12864.C: syntax error near 't'
*** ERROR C202 IN LINE 24 OF LCD12864.C: 't': undefined identifier
  25   1      CS=0;
*** ERROR C202 IN LINE 25 OF LCD12864.C: 'CS': undefined identifier
  26   1      SCLK=0;
*** ERROR C202 IN LINE 26 OF LCD12864.C: 'SCLK': undefined identifier
  27   1      SID=0;
*** ERROR C202 IN LINE 27 OF LCD12864.C: 'SID': undefined identifier
  28   1      CS=1;
*** ERROR C202 IN LINE 28 OF LCD12864.C: 'CS': undefined identifier
  29   1      while(t--){
*** ERROR C202 IN LINE 29 OF LCD12864.C: 't': undefined identifier
  30   2      switch (t+1){
*** ERROR C202 IN LINE 30 OF LCD12864.C: 't': undefined identifier
  31   3      case 3: tempdata=firstbyte|(ID*2);break;
*** ERROR C202 IN LINE 31 OF LCD12864.C: 'tempdata': undefined identifier
  32   3      case 2: tempdata=datas&0xf0;break;
*** ERROR C202 IN LINE 32 OF LCD12864.C: 'tempdata': undefined identifier
  33   3      case 1: tempdata=(datas<<4)&0xf0; break;
*** ERROR C202 IN LINE 33 OF LCD12864.C: 'tempdata': undefined identifier
  34   3      }
  35   2      for(k=1;k<=8;k++){
*** ERROR C202 IN LINE 35 OF LCD12864.C: 'k': undefined identifier
C51 COMPILER V9.00   LCD12864                                                              05/17/2018 21:58:59 PAGE 2   

  36   3      tempdata=tempdata<<1;
*** ERROR C202 IN LINE 36 OF LCD12864.C: 'tempdata': undefined identifier
  37   3      SCLK=0;
*** ERROR C202 IN LINE 37 OF LCD12864.C: 'SCLK': undefined identifier
  38   3      SID=CY;
*** ERROR C202 IN LINE 38 OF LCD12864.C: 'SID': undefined identifier
  39   3      SCLK=1;
*** ERROR C202 IN LINE 39 OF LCD12864.C: 'SCLK': undefined identifier
  40   3      }
  41   2      delay(1);
  42   2      }
  43   1      CS=0;
*** ERROR C202 IN LINE 43 OF LCD12864.C: 'CS': undefined identifier
  44   1      }
  45          
  46          /****************字符串显示函数********/
  47          void send_str(char *str){
  48   1      while(1){
  49   2      if(*str=='\0')   break;
  50   2      send(1,*str++);
  51   2      }
  52   1      }
  53          /*********************************/
  54          void num(){
  55   1      char i;
  56   1      send(0,0x93);
  57   1      send_str(p_shape);     //波形
*** ERROR C202 IN LINE 57 OF LCD12864.C: 'p_shape': undefined identifier
  58   1      send(0,0x8a); 
  59   1      for (i=0;i<=tick_rate-1;i++){
*** ERROR C202 IN LINE 59 OF LCD12864.C: 'tick_rate': undefined identifier
  60   2      send(1,*(number+*(p_rate+i)));     //频率
*** ERROR C202 IN LINE 60 OF LCD12864.C: 'number': undefined identifier
  61   2      }   
  62   1      send(0,0x9b);
  63   1      for (i=0;i<=tick_ratio-1;i++){
*** ERROR C202 IN LINE 63 OF LCD12864.C: 'tick_ratio': undefined identifier
  64   2      send(1,*(number+*(p_ratio+i)));      //占空比
*** ERROR C202 IN LINE 64 OF LCD12864.C: 'number': undefined identifier
  65   2      }
  66   1      }
  67          
  68          void num_Init(){
  69   1      send(0,0x93);
  70   1      send_str(shape2_);     //波形
*** ERROR C202 IN LINE 70 OF LCD12864.C: 'shape2_': undefined identifier
  71   1      send(0,0x8a);
  72   1      send(1,*(number));  //频率
*** ERROR C202 IN LINE 72 OF LCD12864.C: 'number': undefined identifier
  73   1      send(0,0x9b);
  74   1      send(1,*(number));    //占空比
*** ERROR C202 IN LINE 74 OF LCD12864.C: 'number': undefined identifier
  75   1      }
  76          /**************************/
  77          void LCM_display(){
  78   1      send(0,0x01); 
  79   1      if (SET==1){
*** ERROR C202 IN LINE 79 OF LCD12864.C: 'SET': undefined identifier
  80   2      send(0,0x83);
  81   2      send_str(Str1_set);
*** ERROR C202 IN LINE 81 OF LCD12864.C: 'Str1_set': undefined identifier
  82   2      }
C51 COMPILER V9.00   LCD12864                                                              05/17/2018 21:58:59 PAGE 3   

  83   1      else {
  84   2      send(0,0x82);
  85   2      send_str(Str1);
*** ERROR C202 IN LINE 85 OF LCD12864.C: 'Str1': undefined identifier
  86   2      }
  87   1      send(0,0x90);
  88   1      send_str(Str2);
*** ERROR C202 IN LINE 88 OF LCD12864.C: 'Str2': undefined identifier
  89   1      send(0,0x88);
  90   1      send_str(Str3);
*** ERROR C202 IN LINE 90 OF LCD12864.C: 'Str3': undefined identifier
  91   1      send(0,0x98);
  92   1      send_str(Str4);
*** ERROR C202 IN LINE 92 OF LCD12864.C: 'Str4': undefined identifier
  93   1      send(0,0x8e);
  94   1      send_str("HZ");
  95   1      send(0,0x9e);
  96   1      send_str("%");
  97   1      
  98   1      }
  99          
 100          void LCM_display_shape(){
 101   1      send(0,0x01);      //清除
 102   1      
 103   1      send(0,0x83);
 104   1      send_str(Str2);
*** ERROR C202 IN LINE 104 OF LCD12864.C: 'Str2': undefined identifier
 105   1      send(0,0x90);
 106   1      send_str(shape2);
*** ERROR C202 IN LINE 106 OF LCD12864.C: 'shape2': undefined identifier
 107   1      send(0,0x88);
 108   1      send_str(shape3);
*** ERROR C202 IN LINE 108 OF LCD12864.C: 'shape3': undefined identifier
 109   1      send(0,0x98);
 110   1      send_str(shape4);
*** ERROR C202 IN LINE 110 OF LCD12864.C: 'shape4': undefined identifier
 111   1      }
 112          
 113          void LCM_Init(){
 114   1      send(0,0x30);  //指令集
 115   1      send(0,0x0c);  //显示状态 
 116   1      send(0,0x01);  //清除
 117   1      send(0,0x06);  //点设定
 118   1      }
 119          #endif

C51 COMPILATION COMPLETE.  1 WARNING(S),  41 ERROR(S)
