C51 COMPILER V9.00   TLC5615                                                               05/17/2018 21:58:59 PAGE 1   


C51 COMPILER V9.00, COMPILATION OF MODULE TLC5615
OBJECT MODULE PLACED IN .\Objects\TLC5615.obj
COMPILER INVOKED BY: F:\Software\Keil_v5\C51\BIN\C51.EXE TLC5615.c OPTIMIZE(8,SPEED) BROWSE DEBUG OBJECTEXTEND PRINT(.\L
                    -istings\TLC5615.lst) TABS(2) OBJECT(.\Objects\TLC5615.obj)

line level    source

   1          //D/A转换 TLC5615是数模转换器
   2          #ifndef TLC5615_H_
   3          #define TLC5615_H_
   4          #include"variable.h"
*** WARNING C318 IN LINE 4 OF TLC5615.c: can't open file 'variable.h'
   5          /*****************************
   6          5615端口设置
   7          *******************************/
   8          sbit      A2 =     P3^2;       //CD4051 通道选择位 A
*** ERROR C202 IN LINE 8 OF TLC5615.C: 'P3': undefined identifier
   9          sbit      B2 =     P3^3;       // CD4051 通道选择位 B
*** ERROR C202 IN LINE 9 OF TLC5615.C: 'P3': undefined identifier
  10          sbit      C2 =     P3^4;       //CD4051 通道选择位 C
*** ERROR C202 IN LINE 10 OF TLC5615.C: 'P3': undefined identifier
  11          
  12          sbit      DIN =     P3^0;       //数据入口
*** ERROR C202 IN LINE 12 OF TLC5615.C: 'P3': undefined identifier
  13          sbit      CLK =     P3^1;       //时钟
*** ERROR C202 IN LINE 13 OF TLC5615.C: 'P3': undefined identifier
  14          sbit      CS1 =     P3^6;       //片选（占空比）
*** ERROR C202 IN LINE 14 OF TLC5615.C: 'P3': undefined identifier
  15          sbit      CS2 =     P3^7;       //片选 （频率）
*** ERROR C202 IN LINE 15 OF TLC5615.C: 'P3': undefined identifier
  16          
  17          sbit     A0=  P2^3;       //A0   max038波形选择
*** ERROR C202 IN LINE 17 OF TLC5615.C: 'P2': undefined identifier
  18          sbit     A1=     P2^4;        //A1     max038波形选择
*** ERROR C202 IN LINE 18 OF TLC5615.C: 'P2': undefined identifier
  19          
  20          
  21          
  22          
  23          /********************************************************************/
  24          // 名称 : write_5615(uint date) TLC5615数模转换器
  25          // 功能 :  DATLC5615写入数据
  26          // 输入 : 数据date
  27          // 输出 : ——  
  28          // 备注 ：
  29          /***********************************************************************/
  30          void write_5615_duty(uint date){        
*** ERROR C141 IN LINE 30 OF TLC5615.C: syntax error near 'date', expected ')'
  31   1         uint i;
*** ERROR C141 IN LINE 31 OF TLC5615.C: syntax error near 'i'
*** ERROR C202 IN LINE 31 OF TLC5615.C: 'i': undefined identifier
  32   1         CLK=0;
*** ERROR C202 IN LINE 32 OF TLC5615.C: 'CLK': undefined identifier
  33   1         delay(5);
  34   1         CS1=0;             /*片选拉低  准备写数据*/
  35   1                      /**/
  36   1         date<<=5;            /*数据左移四位 高四位虚拟位*/
  37   1         for(i=0;i<12;i++){       /*数据循环12  其中最后两位是填充位 */
  38   2         DIN=(bit)(date&0x8000);      /*读取 数据最高位*/
  39   2         CLK=1;             /*时钟拉高*/
  40   2         delay(5);             /*稍延时*/
C51 COMPILER V9.00   TLC5615                                                               05/17/2018 21:58:59 PAGE 2   

  41   2         CLK=0;
  42   2         delay(5);              /*时钟拉低*/
  43   2         date<<=1;            /*数据左移一位 准备下一位数据写入*/
  44   2         }
  45   1         CS1=1;             /*片选拉高*/
  46   1         
  47   1      }
  48          /********************************************************************/
  49          // 名称 : write_5615(uint date)
  50          // 功能 :  DATLC5615写入数据
  51          // 输入 : 数据date
  52          // 输出 : ——  
  53          /***********************************************************************/
  54          void write_5615_Fre(uint date){       
  55   1         uint i;
  56   1         CLK=0;
  57   1         delay(5);
  58   1         CS2=0;             /*片选拉低  准备写数据*/
  59   1                      /**/
  60   1         date<<=5;            /*数据左移四位 高四位虚拟位*/
  61   1         for(i=0;i<12;i++){       /*数据循环12  其中最后两位是填充位 */
  62   2         DIN=(bit)(date&0x8000);      /*读取 数据最高位*/
  63   2         CLK=1;             /*时钟拉高*/
  64   2         delay(5);             /*稍延时*/
  65   2         CLK=0;
  66   2         delay(5);              /*时钟拉低*/
  67   2         date<<=1;            /*数据左移一位 准备下一位数据写入*/
  68   2         }
  69   1         CS2=1;             /*片选拉高*/
  70   1         
  71   1      }
  72          
  73          /***************占空比设定******************/
  74          uint set_duty(float set_duty)
  75          {
  76          uint voltage_duty;
  77           voltage_duty=1024-(float)((set_duty-5)*1024/40);
  78           return voltage_duty;
  79          }
  80          /***************占空比设定完毕******************/
  81          
  82          /***************频率设定******************/
  83          float set_fre(float set_fre)
  84          {
  85          if((set_fre>=100)&&(set_fre<=2500))
  86          { 
  87          A2=0;B2=0;C2=1;
  88          voltage_fre=(float)(set_fre-200)/4.88;
  89          //tys=voltage_fre;
  90          }
  91          
  92          else if((set_fre>=1000)&&(set_fre<=25000))
  93          { 
  94          A2=0;B2=1;C2=1;
  95          voltage_fre=(float)(set_fre-200)/48.93;
  96          //tys=voltage_fre;
  97          }
  98          
  99          else if((set_fre>=10000)&&(set_fre<=250000))
 100          { 
 101          
 102          A2=1;B2=1;C2=1;
C51 COMPILER V9.00   TLC5615                                                               05/17/2018 21:58:59 PAGE 3   

 103          
 104          voltage_fre=(float)(set_fre-200)/400.28;
 105          //tys=voltage_fre;
 106          }
 107          
 108          else if((set_fre>=100000)&&(set_fre<=2500000))
 109          {
 110          A2=1;B2=0;C2=1;
 111          
 112          voltage_fre=(float)(set_fre-200)/2700.0; 
 113          //tys=voltage_fre;
 114          } 
 115           return voltage_fre;
 116          }
 117          /***************频率设定完毕******************/
 118          
 119          #endif

C51 COMPILATION COMPLETE.  1 WARNING(S),  13 ERROR(S)
