C51 COMPILER V9.00   MAIN                                                                  05/18/2018 10:46:30 PAGE 1   


C51 COMPILER V9.00, COMPILATION OF MODULE MAIN
OBJECT MODULE PLACED IN .\Objects\main.obj
COMPILER INVOKED BY: F:\Software\Keil_v5\C51\BIN\C51.EXE cycle\main.c OPTIMIZE(8,SPEED) BROWSE DEBUG OBJECTEXTEND PRINT(
                    -.\Listings\main.lst) TABS(2) OBJECT(.\Objects\main.obj)

line level    source

   1          #include<reg52.h>
   2          #include <intrins.h>
   3          #define uint unsigned int
   4          #define uchar unsigned char
   5          uchar temp; //设置全局变量给P1口赋值。P1是8位寄存器，定义成8位char型
   6          sbit D1 = P1^0;
   7          //void delay();
   8          void delay(uint);//可以写参数z，也可直接写类型
   9          void main()
  10          {
  11   1        temp=0xfe; //点亮第一个灯
  12   1        P1=temp;
  13   1        while(1)
  14   1        {
  15   2          temp=_crol_(temp,1); //循环左移函数
  16   2          delay(600); //点亮第一个灯的延时
  17   2          P1=temp;//点亮第二个灯
  18   2        }
  19   1      }
  20          //带参子函数
  21          void delay(uint z)
  22          {
  23   1        uint x,y;
  24   1        for(x=100;x>0;x--)
  25   1        {
  26   2          for(y=z;y>0;y--);
  27   2        }
  28   1      }


MODULE INFORMATION:   STATIC OVERLAYABLE
   CODE SIZE        =     65    ----
   CONSTANT SIZE    =   ----    ----
   XDATA SIZE       =   ----    ----
   PDATA SIZE       =   ----    ----
   DATA SIZE        =      1    ----
   IDATA SIZE       =   ----    ----
   BIT SIZE         =   ----    ----
END OF MODULE INFORMATION.


C51 COMPILATION COMPLETE.  0 WARNING(S),  0 ERROR(S)
